[debug] [2019-11-29T12:00:26.868Z] ----------------------------------------------------------------------
[debug] [2019-11-29T12:00:26.872Z] Command:       C:\Program Files\nodejs\node.exe C:\Users\AleLara98\AppData\Roaming\npm\node_modules\firebase-tools\lib\bin\firebase.js init
[debug] [2019-11-29T12:00:26.872Z] CLI Version:   7.8.1
[debug] [2019-11-29T12:00:26.872Z] Platform:      win32
[debug] [2019-11-29T12:00:26.872Z] Node Version:  v12.13.0
[debug] [2019-11-29T12:00:26.873Z] Time:          Fri Nov 29 2019 08:00:26 GMT-0400 (Bolivia Time)
[debug] [2019-11-29T12:00:26.873Z] ----------------------------------------------------------------------
[debug] [2019-11-29T12:00:26.873Z] 
[debug] [2019-11-29T12:00:26.887Z] > command requires scopes: ["email","openid","https://www.googleapis.com/auth/cloudplatformprojects.readonly","https://www.googleapis.com/auth/firebase","https://www.googleapis.com/auth/cloud-platform"]
[debug] [2019-11-29T12:00:26.887Z] > authorizing via signed-in user
[info] 
     ######## #### ########  ######## ########     ###     ######  ########
     ##        ##  ##     ## ##       ##     ##  ##   ##  ##       ##
     ######    ##  ########  ######   ########  #########  ######  ######
     ##        ##  ##    ##  ##       ##     ## ##     ##       ## ##
     ##       #### ##     ## ######## ########  ##     ##  ######  ########

You're about to initialize a Firebase project in this directory:

  C:\Guacamaya-Tours

Before we get started, keep in mind:

  * You are currently outside your home directory
  * You are initializing in an existing Firebase project directory

